# Config file for GRUB - The GNU GRand Unified Bootloader
# /boot/grub/menu.lst

# DEVICE NAME CONVERSIONS 
#
#  Linux           Grub
# -------------------------
#  /dev/fd0        (fd0)
#  /dev/sda        (hd0)
#  /dev/sdb2       (hd1,1)
#  /dev/sda3       (hd0,2)
#

#  FRAMEBUFFER RESOLUTION SETTINGS
#     +-------------------------------------------------+
#          | 640x480    800x600    1024x768   1280x1024
#      ----+--------------------------------------------
#      256 | 0x301=769  0x303=771  0x305=773   0x307=775
#      32K | 0x310=784  0x313=787  0x316=790   0x319=793
#      64K | 0x311=785  0x314=788  0x317=791   0x31A=794
#      16M | 0x312=786  0x315=789  0x318=792   0x31B=795
#     +-------------------------------------------------+
#  for more details and different resolutions see
#  http://wiki.archlinux.org/index.php/GRUB#Framebuffer_Resolution 

# general configuration:
timeout   0
default   0
color light-blue/black light-cyan/blue

# boot sections follow
# each is implicitly numbered from 0 in the order of appearance below
#
# TIP: If you want a 1024x768 framebuffer, add "vga=773" to your kernel line.
#
#-*

title  JSOS
root (hd0,0)
kernel /kernel.sys
module /kernel/init.jmg
module /kernel/keyboard.jmg
module /kernel/drivers.jmg
module /kernel/drivers/ps2.jmg
module /kernel/drivers/ide.jmg